2025-10-02T04:42:22.344452Z  INFO tailwindcss_oxide::scanner: Provided sources:
2025-10-02T04:42:22.344915Z  INFO tailwindcss_oxide::scanner: Source: PublicSourceEntry { base: "/Users/adarsh/Documents/devpaystream", pattern: "**/*", negated: false }
2025-10-02T04:42:22.345023Z  INFO tailwindcss_oxide::scanner: Optimized sources:
2025-10-02T04:42:22.345038Z  INFO tailwindcss_oxide::scanner: Source: Auto { base: "/Users/adarsh/Documents/devpaystream" }
2025-10-02T04:42:22.348952Z  INFO scan_sources: tailwindcss_oxide::scanner: enter
2025-10-02T04:42:22.351134Z  INFO scan_sources: tailwindcss_oxide::scanner: Discovering "/Users/adarsh/Documents/devpaystream/CONTRACT_FUNDING.md"
2025-10-02T04:42:22.351196Z  INFO scan_sources: tailwindcss_oxide::scanner: Discovering "/Users/adarsh/Documents/devpaystream/test-prisma.js"
2025-10-02T04:42:22.351461Z  INFO scan_sources: tailwindcss_oxide::scanner: Discovering "/Users/adarsh/Documents/devpaystream/contract"
2025-10-02T04:42:22.352609Z  INFO scan_sources: tailwindcss_oxide::scanner: Discovering "/Users/adarsh/Documents/devpaystream/contract/tests"
2025-10-02T04:42:22.352712Z  INFO scan_sources: tailwindcss_oxide::scanner: Discovering "/Users/adarsh/Documents/devpaystream/contract/Move.toml"
2025-10-02T04:42:22.352779Z  INFO scan_sources: tailwindcss_oxide::scanner: Discovering "/Users/adarsh/Documents/devpaystream/contract/scripts"
2025-10-02T04:42:22.352846Z  INFO scan_sources: tailwindcss_oxide::scanner: Discovering "/Users/adarsh/Documents/devpaystream/contract/Move.toml.backup"
2025-10-02T04:42:22.352905Z  INFO scan_sources: tailwindcss_oxide::scanner: Discovering "/Users/adarsh/Documents/devpaystream/contract/sources"
2025-10-02T04:42:22.352978Z  INFO scan_sources: tailwindcss_oxide::scanner: Discovering "/Users/adarsh/Documents/devpaystream/contract/sources/main.move"
2025-10-02T04:42:22.353292Z  INFO scan_sources: tailwindcss_oxide::scanner: Discovering "/Users/adarsh/Documents/devpaystream/app"
2025-10-02T04:42:22.353400Z  INFO scan_sources: tailwindcss_oxide::scanner: Discovering "/Users/adarsh/Documents/devpaystream/app/admin"
2025-10-02T04:42:22.353488Z  INFO scan_sources: tailwindcss_oxide::scanner: Discovering "/Users/adarsh/Documents/devpaystream/app/admin/dashboard"
2025-10-02T04:42:22.356779Z  INFO scan_sources: tailwindcss_oxide::scanner: Discovering "/Users/adarsh/Documents/devpaystream/app/admin/dashboard/layout.tsx"
2025-10-02T04:42:22.357379Z  INFO scan_sources: tailwindcss_oxide::scanner: Discovering "/Users/adarsh/Documents/devpaystream/app/admin/dashboard/page.tsx"
2025-10-02T04:42:22.358886Z  INFO scan_sources: tailwindcss_oxide::scanner: Discovering "/Users/adarsh/Documents/devpaystream/app/contributor"
2025-10-02T04:42:22.359051Z  INFO scan_sources: tailwindcss_oxide::scanner: Discovering "/Users/adarsh/Documents/devpaystream/app/contributor/projects"
2025-10-02T04:42:22.359167Z  INFO scan_sources: tailwindcss_oxide::scanner: Discovering "/Users/adarsh/Documents/devpaystream/app/contributor/projects/[projectId]"
2025-10-02T04:42:22.359246Z  INFO scan_sources: tailwindcss_oxide::scanner: Discovering "/Users/adarsh/Documents/devpaystream/app/contributor/projects/[projectId]/page.tsx"
2025-10-02T04:42:22.359326Z  INFO scan_sources: tailwindcss_oxide::scanner: Discovering "/Users/adarsh/Documents/devpaystream/app/contributor/dashboard"
2025-10-02T04:42:22.360518Z  INFO scan_sources: tailwindcss_oxide::scanner: Discovering "/Users/adarsh/Documents/devpaystream/app/contributor/dashboard/[projectId]"
2025-10-02T04:42:22.360664Z  INFO scan_sources: tailwindcss_oxide::scanner: Discovering "/Users/adarsh/Documents/devpaystream/app/contributor/dashboard/[projectId]/pr-validation"
2025-10-02T04:42:22.360922Z  INFO scan_sources: tailwindcss_oxide::scanner: Discovering "/Users/adarsh/Documents/devpaystream/app/contributor/dashboard/[projectId]/pr-validation/page.tsx"
2025-10-02T04:42:22.361151Z  INFO scan_sources: tailwindcss_oxide::scanner: Discovering "/Users/adarsh/Documents/devpaystream/app/contributor/dashboard/[projectId]/claim"
2025-10-02T04:42:22.361262Z  INFO scan_sources: tailwindcss_oxide::scanner: Discovering "/Users/adarsh/Documents/devpaystream/app/contributor/dashboard/[projectId]/claim/page.tsx"
2025-10-02T04:42:22.361372Z  INFO scan_sources: tailwindcss_oxide::scanner: Discovering "/Users/adarsh/Documents/devpaystream/app/contributor/dashboard/page.tsx"
2025-10-02T04:42:22.361565Z  INFO scan_sources: tailwindcss_oxide::scanner: Discovering "/Users/adarsh/Documents/devpaystream/app/layout.tsx"
2025-10-02T04:42:22.361928Z  INFO scan_sources: tailwindcss_oxide::scanner: Discovering "/Users/adarsh/Documents/devpaystream/app/api"
2025-10-02T04:42:22.362426Z  INFO scan_sources: tailwindcss_oxide::scanner: Discovering "/Users/adarsh/Documents/devpaystream/app/api/v1"
2025-10-02T04:42:22.362804Z  INFO scan_sources: tailwindcss_oxide::scanner: Discovering "/Users/adarsh/Documents/devpaystream/app/api/v1/contract"
2025-10-02T04:42:22.362992Z  INFO scan_sources: tailwindcss_oxide::scanner: Discovering "/Users/adarsh/Documents/devpaystream/app/api/v1/contract/initialize"
2025-10-02T04:42:22.363074Z  INFO scan_sources: tailwindcss_oxide::scanner: Discovering "/Users/adarsh/Documents/devpaystream/app/api/v1/contract/initialize/route.ts"
2025-10-02T04:42:22.363201Z  INFO scan_sources: tailwindcss_oxide::scanner: Discovering "/Users/adarsh/Documents/devpaystream/app/api/v1/contract/test-funding"
2025-10-02T04:42:22.363304Z  INFO scan_sources: tailwindcss_oxide::scanner: Discovering "/Users/adarsh/Documents/devpaystream/app/api/v1/contract/test-funding/route.ts"
2025-10-02T04:42:22.363465Z  INFO scan_sources: tailwindcss_oxide::scanner: Discovering "/Users/adarsh/Documents/devpaystream/app/api/v1/auth"
2025-10-02T04:42:22.363603Z  INFO scan_sources: tailwindcss_oxide::scanner: Discovering "/Users/adarsh/Documents/devpaystream/app/api/v1/auth/admin"
2025-10-02T04:42:22.363716Z  INFO scan_sources: tailwindcss_oxide::scanner: Discovering "/Users/adarsh/Documents/devpaystream/app/api/v1/auth/admin/signin"
2025-10-02T04:42:22.363864Z  INFO scan_sources: tailwindcss_oxide::scanner: Discovering "/Users/adarsh/Documents/devpaystream/app/api/v1/auth/admin/signin/route.ts"
2025-10-02T04:42:22.363972Z  INFO scan_sources: tailwindcss_oxide::scanner: Discovering "/Users/adarsh/Documents/devpaystream/app/api/v1/auth/admin/login"
2025-10-02T04:42:22.364062Z  INFO scan_sources: tailwindcss_oxide::scanner: Discovering "/Users/adarsh/Documents/devpaystream/app/api/v1/auth/admin/login/route.ts"
2025-10-02T04:42:22.364137Z  INFO scan_sources: tailwindcss_oxide::scanner: Discovering "/Users/adarsh/Documents/devpaystream/app/api/v1/auth/contributer"
2025-10-02T04:42:22.364232Z  INFO scan_sources: tailwindcss_oxide::scanner: Discovering "/Users/adarsh/Documents/devpaystream/app/api/v1/auth/contributer/signin"
2025-10-02T04:42:22.364300Z  INFO scan_sources: tailwindcss_oxide::scanner: Discovering "/Users/adarsh/Documents/devpaystream/app/api/v1/auth/contributer/signin/route.ts"
2025-10-02T04:42:22.364468Z  INFO scan_sources: tailwindcss_oxide::scanner: Discovering "/Users/adarsh/Documents/devpaystream/app/api/v1/auth/contributer/login"
2025-10-02T04:42:22.364690Z  INFO scan_sources: tailwindcss_oxide::scanner: Discovering "/Users/adarsh/Documents/devpaystream/app/api/v1/auth/contributer/login/route.ts"
2025-10-02T04:42:22.364781Z  INFO scan_sources: tailwindcss_oxide::scanner: Discovering "/Users/adarsh/Documents/devpaystream/app/api/v1/projects"
2025-10-02T04:42:22.364889Z  INFO scan_sources: tailwindcss_oxide::scanner: Discovering "/Users/adarsh/Documents/devpaystream/app/api/v1/projects/[projectId]"
2025-10-02T04:42:22.364989Z  INFO scan_sources: tailwindcss_oxide::scanner: Discovering "/Users/adarsh/Documents/devpaystream/app/api/v1/projects/[projectId]/prs"
2025-10-02T04:42:22.365112Z  INFO scan_sources: tailwindcss_oxide::scanner: Discovering "/Users/adarsh/Documents/devpaystream/app/api/v1/projects/[projectId]/prs/route.ts"
2025-10-02T04:42:22.365217Z  INFO scan_sources: tailwindcss_oxide::scanner: Discovering "/Users/adarsh/Documents/devpaystream/app/api/v1/projects/[projectId]/prs/[prNumber]"
2025-10-02T04:42:22.365325Z  INFO scan_sources: tailwindcss_oxide::scanner: Discovering "/Users/adarsh/Documents/devpaystream/app/api/v1/projects/[projectId]/prs/[prNumber]/claim-bounty"
2025-10-02T04:42:22.365469Z  INFO scan_sources: tailwindcss_oxide::scanner: Discovering "/Users/adarsh/Documents/devpaystream/app/api/v1/projects/[projectId]/prs/[prNumber]/claim-bounty/route.ts"
2025-10-02T04:42:22.365553Z  INFO scan_sources: tailwindcss_oxide::scanner: Discovering "/Users/adarsh/Documents/devpaystream/app/api/v1/projects/[projectId]/prs/[prNumber]/route.ts"
2025-10-02T04:42:22.365644Z  INFO scan_sources: tailwindcss_oxide::scanner: Discovering "/Users/adarsh/Documents/devpaystream/app/api/v1/projects/[projectId]/route.ts"
2025-10-02T04:42:22.365745Z  INFO scan_sources: tailwindcss_oxide::scanner: Discovering "/Users/adarsh/Documents/devpaystream/app/api/v1/projects/[projectId]/github-prs"
2025-10-02T04:42:22.365823Z  INFO scan_sources: tailwindcss_oxide::scanner: Discovering "/Users/adarsh/Documents/devpaystream/app/api/v1/projects/[projectId]/github-prs/route.ts"
2025-10-02T04:42:22.365893Z  INFO scan_sources: tailwindcss_oxide::scanner: Discovering "/Users/adarsh/Documents/devpaystream/app/api/v1/projects/[projectId]/payouts"
2025-10-02T04:42:22.365958Z  INFO scan_sources: tailwindcss_oxide::scanner: Discovering "/Users/adarsh/Documents/devpaystream/app/api/v1/projects/[projectId]/payouts/route.ts"
2025-10-02T04:42:22.366022Z  INFO scan_sources: tailwindcss_oxide::scanner: Discovering "/Users/adarsh/Documents/devpaystream/app/api/v1/projects/[projectId]/fund"
2025-10-02T04:42:22.366097Z  INFO scan_sources: tailwindcss_oxide::scanner: Discovering "/Users/adarsh/Documents/devpaystream/app/api/v1/projects/route.ts"
2025-10-02T04:42:22.366158Z  INFO scan_sources: tailwindcss_oxide::scanner: Discovering "/Users/adarsh/Documents/devpaystream/app/api/v1/dashboard"
2025-10-02T04:42:22.366243Z  INFO scan_sources: tailwindcss_oxide::scanner: Discovering "/Users/adarsh/Documents/devpaystream/app/api/v1/dashboard/developer"
2025-10-02T04:42:22.366326Z  INFO scan_sources: tailwindcss_oxide::scanner: Discovering "/Users/adarsh/Documents/devpaystream/app/api/v1/dashboard/developer/[developerId]"
2025-10-02T04:42:22.366389Z  INFO scan_sources: tailwindcss_oxide::scanner: Discovering "/Users/adarsh/Documents/devpaystream/app/api/v1/dashboard/developer/[developerId]/route.ts"
2025-10-02T04:42:22.366475Z  INFO scan_sources: tailwindcss_oxide::scanner: Discovering "/Users/adarsh/Documents/devpaystream/app/api/v1/dashboard/admin"
2025-10-02T04:42:22.366535Z  INFO scan_sources: tailwindcss_oxide::scanner: Discovering "/Users/adarsh/Documents/devpaystream/app/api/v1/dashboard/admin/route.ts"
2025-10-02T04:42:22.366598Z  INFO scan_sources: tailwindcss_oxide::scanner: Discovering "/Users/adarsh/Documents/devpaystream/app/api/v1/contributor"
2025-10-02T04:42:22.366684Z  INFO scan_sources: tailwindcss_oxide::scanner: Discovering "/Users/adarsh/Documents/devpaystream/app/api/v1/contributor/pr-claim-status"
2025-10-02T04:42:22.366744Z  INFO scan_sources: tailwindcss_oxide::scanner: Discovering "/Users/adarsh/Documents/devpaystream/app/api/v1/contributor/pr-claim-status/route.ts"
2025-10-02T04:42:22.366803Z  INFO scan_sources: tailwindcss_oxide::scanner: Discovering "/Users/adarsh/Documents/devpaystream/app/api/v1/contributor/prs"
2025-10-02T04:42:22.366936Z  INFO scan_sources: tailwindcss_oxide::scanner: Discovering "/Users/adarsh/Documents/devpaystream/app/api/v1/contributor/prs/route.ts"
2025-10-02T04:42:22.367021Z  INFO scan_sources: tailwindcss_oxide::scanner: Discovering "/Users/adarsh/Documents/devpaystream/app/api/v1/contributor/validate-pr"
2025-10-02T04:42:22.367135Z  INFO scan_sources: tailwindcss_oxide::scanner: Discovering "/Users/adarsh/Documents/devpaystream/app/api/v1/contributor/validate-pr/route.ts"
2025-10-02T04:42:22.367210Z  INFO scan_sources: tailwindcss_oxide::scanner: Discovering "/Users/adarsh/Documents/devpaystream/app/api/v1/contributor/github-prs"
2025-10-02T04:42:22.367339Z  INFO scan_sources: tailwindcss_oxide::scanner: Discovering "/Users/adarsh/Documents/devpaystream/app/api/v1/contributor/github-prs/claim-bounty"
2025-10-02T04:42:22.367450Z  INFO scan_sources: tailwindcss_oxide::scanner: Discovering "/Users/adarsh/Documents/devpaystream/app/api/v1/contributor/github-prs/claim-bounty/route.ts"
2025-10-02T04:42:22.367509Z  INFO scan_sources: tailwindcss_oxide::scanner: Discovering "/Users/adarsh/Documents/devpaystream/app/api/v1/contributor/github-prs/mark-claimed"
2025-10-02T04:42:22.367570Z  INFO scan_sources: tailwindcss_oxide::scanner: Discovering "/Users/adarsh/Documents/devpaystream/app/api/v1/contributor/github-prs/mark-claimed/route.ts"
2025-10-02T04:42:22.367603Z  INFO scan_sources: tailwindcss_oxide::scanner: Discovering "/Users/adarsh/Documents/devpaystream/app/api/v1/contributor/github-prs/route.ts"
2025-10-02T04:42:22.367669Z  INFO scan_sources: tailwindcss_oxide::scanner: Discovering "/Users/adarsh/Documents/devpaystream/app/api/v1/webhooks"
2025-10-02T04:42:22.367747Z  INFO scan_sources: tailwindcss_oxide::scanner: Discovering "/Users/adarsh/Documents/devpaystream/app/api/v1/webhooks/github"
2025-10-02T04:42:22.367806Z  INFO scan_sources: tailwindcss_oxide::scanner: Discovering "/Users/adarsh/Documents/devpaystream/app/api/v1/webhooks/github/route.ts"
2025-10-02T04:42:22.367866Z  INFO scan_sources: tailwindcss_oxide::scanner: Discovering "/Users/adarsh/Documents/devpaystream/app/api/v1/developers"
2025-10-02T04:42:22.368066Z  INFO scan_sources: tailwindcss_oxide::scanner: Discovering "/Users/adarsh/Documents/devpaystream/app/api/v1/developers/[developerId]"
2025-10-02T04:42:22.368246Z  INFO scan_sources: tailwindcss_oxide::scanner: Discovering "/Users/adarsh/Documents/devpaystream/app/api/v1/developers/[developerId]/route.ts"
2025-10-02T04:42:22.368372Z  INFO scan_sources: tailwindcss_oxide::scanner: Discovering "/Users/adarsh/Documents/devpaystream/app/api/v1/developers/[developerId]/payouts"
2025-10-02T04:42:22.368522Z  INFO scan_sources: tailwindcss_oxide::scanner: Discovering "/Users/adarsh/Documents/devpaystream/app/api/v1/developers/[developerId]/payouts/route.ts"
2025-10-02T04:42:22.368567Z  INFO scan_sources: tailwindcss_oxide::scanner: Discovering "/Users/adarsh/Documents/devpaystream/app/api/v1/developers/route.ts"
2025-10-02T04:42:22.368644Z  INFO scan_sources: tailwindcss_oxide::scanner: Discovering "/Users/adarsh/Documents/devpaystream/app/api/middleware"
2025-10-02T04:42:22.368763Z  INFO scan_sources: tailwindcss_oxide::scanner: Discovering "/Users/adarsh/Documents/devpaystream/app/api/middleware/auth.ts"
2025-10-02T04:42:22.368944Z  INFO scan_sources: tailwindcss_oxide::scanner: Discovering "/Users/adarsh/Documents/devpaystream/app/api/auth"
2025-10-02T04:42:22.369070Z  INFO scan_sources: tailwindcss_oxide::scanner: Discovering "/Users/adarsh/Documents/devpaystream/app/api/auth/[...nextauth]"
2025-10-02T04:42:22.369214Z  INFO scan_sources: tailwindcss_oxide::scanner: Discovering "/Users/adarsh/Documents/devpaystream/app/api/auth/[...nextauth]/route.ts"
2025-10-02T04:42:22.369325Z  INFO scan_sources: tailwindcss_oxide::scanner: Discovering "/Users/adarsh/Documents/devpaystream/app/api/agents"
2025-10-02T04:42:22.369425Z  INFO scan_sources: tailwindcss_oxide::scanner: Discovering "/Users/adarsh/Documents/devpaystream/app/api/agents/github"
2025-10-02T04:42:22.369509Z  INFO scan_sources: tailwindcss_oxide::scanner: Discovering "/Users/adarsh/Documents/devpaystream/app/api/agents/github/contribution"
2025-10-02T04:42:22.369571Z  INFO scan_sources: tailwindcss_oxide::scanner: Discovering "/Users/adarsh/Documents/devpaystream/app/api/agents/github/contribution/prompt.ts"
2025-10-02T04:42:22.369600Z  INFO scan_sources: tailwindcss_oxide::scanner: Discovering "/Users/adarsh/Documents/devpaystream/app/api/agents/github/contribution/route.ts"
2025-10-02T04:42:22.369670Z  INFO scan_sources: tailwindcss_oxide::scanner: Discovering "/Users/adarsh/Documents/devpaystream/app/api/utils"
2025-10-02T04:42:22.369730Z  INFO scan_sources: tailwindcss_oxide::scanner: Discovering "/Users/adarsh/Documents/devpaystream/app/api/utils/response.ts"
2025-10-02T04:42:22.369815Z  INFO scan_sources: tailwindcss_oxide::scanner: Discovering "/Users/adarsh/Documents/devpaystream/app/api/README.md"
2025-10-02T04:42:22.369843Z  INFO scan_sources: tailwindcss_oxide::scanner: Discovering "/Users/adarsh/Documents/devpaystream/app/api/test-examples.md"
2025-10-02T04:42:22.369874Z  INFO scan_sources: tailwindcss_oxide::scanner: Discovering "/Users/adarsh/Documents/devpaystream/app/page.tsx"
2025-10-02T04:42:22.369904Z  INFO scan_sources: tailwindcss_oxide::scanner: Discovering "/Users/adarsh/Documents/devpaystream/app/globals.css"
2025-10-02T04:42:22.369930Z  INFO scan_sources: tailwindcss_oxide::scanner: Discovering "/Users/adarsh/Documents/devpaystream/app/provider.tsx"
2025-10-02T04:42:22.369965Z  INFO scan_sources: tailwindcss_oxide::scanner: Discovering "/Users/adarsh/Documents/devpaystream/postcss.config.mjs"
2025-10-02T04:42:22.370020Z  INFO scan_sources: tailwindcss_oxide::scanner: Discovering "/Users/adarsh/Documents/devpaystream/.aptos"
2025-10-02T04:42:22.370588Z  INFO scan_sources: tailwindcss_oxide::scanner: Discovering "/Users/adarsh/Documents/devpaystream/Dockerfile"
2025-10-02T04:42:22.370634Z  INFO scan_sources: tailwindcss_oxide::scanner: Discovering "/Users/adarsh/Documents/devpaystream/next.config.mjs"
2025-10-02T04:42:22.370782Z  INFO scan_sources: tailwindcss_oxide::scanner: Discovering "/Users/adarsh/Documents/devpaystream/prisma"
2025-10-02T04:42:22.370869Z  INFO scan_sources: tailwindcss_oxide::scanner: Discovering "/Users/adarsh/Documents/devpaystream/prisma/migrations"
2025-10-02T04:42:22.370934Z  INFO scan_sources: tailwindcss_oxide::scanner: Discovering "/Users/adarsh/Documents/devpaystream/prisma/migrations/migration_lock.toml"
2025-10-02T04:42:22.370993Z  INFO scan_sources: tailwindcss_oxide::scanner: Discovering "/Users/adarsh/Documents/devpaystream/prisma/migrations/20250903135709_init"
2025-10-02T04:42:22.371065Z  INFO scan_sources: tailwindcss_oxide::scanner: Discovering "/Users/adarsh/Documents/devpaystream/prisma/migrations/20250903135709_init/migration.sql"
2025-10-02T04:42:22.371279Z  INFO scan_sources: tailwindcss_oxide::scanner: Discovering "/Users/adarsh/Documents/devpaystream/prisma/migrations/20250910050040_global"
2025-10-02T04:42:22.371393Z  INFO scan_sources: tailwindcss_oxide::scanner: Discovering "/Users/adarsh/Documents/devpaystream/prisma/migrations/20250910050040_global/migration.sql"
2025-10-02T04:42:22.371441Z  INFO scan_sources: tailwindcss_oxide::scanner: Discovering "/Users/adarsh/Documents/devpaystream/prisma/schema.prisma"
2025-10-02T04:42:22.371504Z  INFO scan_sources: tailwindcss_oxide::scanner: Discovering "/Users/adarsh/Documents/devpaystream/CONTRIBUTOR_DASHBOARD.md"
2025-10-02T04:42:22.371728Z  INFO scan_sources: tailwindcss_oxide::scanner: Discovering "/Users/adarsh/Documents/devpaystream/README.md"
2025-10-02T04:42:22.371795Z  INFO scan_sources: tailwindcss_oxide::scanner: Discovering "/Users/adarsh/Documents/devpaystream/styles"
2025-10-02T04:42:22.371948Z  INFO scan_sources: tailwindcss_oxide::scanner: Discovering "/Users/adarsh/Documents/devpaystream/styles/globals.css"
2025-10-02T04:42:22.372037Z  INFO scan_sources: tailwindcss_oxide::scanner: Discovering "/Users/adarsh/Documents/devpaystream/components"
2025-10-02T04:42:22.372188Z  INFO scan_sources: tailwindcss_oxide::scanner: Discovering "/Users/adarsh/Documents/devpaystream/components/theme-provider.tsx"
2025-10-02T04:42:22.372269Z  INFO scan_sources: tailwindcss_oxide::scanner: Discovering "/Users/adarsh/Documents/devpaystream/components/ui"
2025-10-02T04:42:22.372371Z  INFO scan_sources: tailwindcss_oxide::scanner: Discovering "/Users/adarsh/Documents/devpaystream/components/ui/tabs.tsx"
2025-10-02T04:42:22.372403Z  INFO scan_sources: tailwindcss_oxide::scanner: Discovering "/Users/adarsh/Documents/devpaystream/components/ui/card.tsx"
2025-10-02T04:42:22.372434Z  INFO scan_sources: tailwindcss_oxide::scanner: Discovering "/Users/adarsh/Documents/devpaystream/components/ui/popover.tsx"
2025-10-02T04:42:22.372500Z  INFO scan_sources: tailwindcss_oxide::scanner: Discovering "/Users/adarsh/Documents/devpaystream/components/ui/progress.tsx"
2025-10-02T04:42:22.372685Z  INFO scan_sources: tailwindcss_oxide::scanner: Discovering "/Users/adarsh/Documents/devpaystream/components/ui/toaster.tsx"
2025-10-02T04:42:22.372775Z  INFO scan_sources: tailwindcss_oxide::scanner: Discovering "/Users/adarsh/Documents/devpaystream/components/ui/sheet.tsx"
2025-10-02T04:42:22.372811Z  INFO scan_sources: tailwindcss_oxide::scanner: Discovering "/Users/adarsh/Documents/devpaystream/components/ui/label.tsx"
2025-10-02T04:42:22.372846Z  INFO scan_sources: tailwindcss_oxide::scanner: Discovering "/Users/adarsh/Documents/devpaystream/components/ui/sonner.tsx"
2025-10-02T04:42:22.372903Z  INFO scan_sources: tailwindcss_oxide::scanner: Discovering "/Users/adarsh/Documents/devpaystream/components/ui/alert.tsx"
2025-10-02T04:42:22.372947Z  INFO scan_sources: tailwindcss_oxide::scanner: Discovering "/Users/adarsh/Documents/devpaystream/components/ui/avatar.tsx"
2025-10-02T04:42:22.373003Z  INFO scan_sources: tailwindcss_oxide::scanner: Discovering "/Users/adarsh/Documents/devpaystream/components/ui/dialog.tsx"
2025-10-02T04:42:22.373222Z  INFO scan_sources: tailwindcss_oxide::scanner: Discovering "/Users/adarsh/Documents/devpaystream/components/ui/badge.tsx"
2025-10-02T04:42:22.373255Z  INFO scan_sources: tailwindcss_oxide::scanner: Discovering "/Users/adarsh/Documents/devpaystream/components/ui/table.tsx"
2025-10-02T04:42:22.373327Z  INFO scan_sources: tailwindcss_oxide::scanner: Discovering "/Users/adarsh/Documents/devpaystream/components/ui/button.tsx"
2025-10-02T04:42:22.373370Z  INFO scan_sources: tailwindcss_oxide::scanner: Discovering "/Users/adarsh/Documents/devpaystream/components/ui/toast.tsx"
2025-10-02T04:42:22.373399Z  INFO scan_sources: tailwindcss_oxide::scanner: Discovering "/Users/adarsh/Documents/devpaystream/components/ui/select.tsx"
2025-10-02T04:42:22.373428Z  INFO scan_sources: tailwindcss_oxide::scanner: Discovering "/Users/adarsh/Documents/devpaystream/components/ui/textarea.tsx"
2025-10-02T04:42:22.373456Z  INFO scan_sources: tailwindcss_oxide::scanner: Discovering "/Users/adarsh/Documents/devpaystream/components/ui/input.tsx"
2025-10-02T04:42:22.373482Z  INFO scan_sources: tailwindcss_oxide::scanner: Discovering "/Users/adarsh/Documents/devpaystream/components/ui/skeleton.tsx"
2025-10-02T04:42:22.373522Z  INFO scan_sources: tailwindcss_oxide::scanner: Discovering "/Users/adarsh/Documents/devpaystream/components/initialize-vault-button.tsx"
2025-10-02T04:42:22.373550Z  INFO scan_sources: tailwindcss_oxide::scanner: Discovering "/Users/adarsh/Documents/devpaystream/components/claim-reward-dialog.tsx"
2025-10-02T04:42:22.373578Z  INFO scan_sources: tailwindcss_oxide::scanner: Discovering "/Users/adarsh/Documents/devpaystream/components/client-wallet-provider.tsx"
2025-10-02T04:42:22.373605Z  INFO scan_sources: tailwindcss_oxide::scanner: Discovering "/Users/adarsh/Documents/devpaystream/components/app-sidebar.tsx"
2025-10-02T04:42:22.373631Z  INFO scan_sources: tailwindcss_oxide::scanner: Discovering "/Users/adarsh/Documents/devpaystream/components/auth-session-provider.tsx"
2025-10-02T04:42:22.373657Z  INFO scan_sources: tailwindcss_oxide::scanner: Discovering "/Users/adarsh/Documents/devpaystream/components/create-project-dialog.tsx"
2025-10-02T04:42:22.373730Z  INFO scan_sources: tailwindcss_oxide::scanner: Discovering "/Users/adarsh/Documents/devpaystream/components/app-header.tsx"
2025-10-02T04:42:22.373781Z  INFO scan_sources: tailwindcss_oxide::scanner: Discovering "/Users/adarsh/Documents/devpaystream/components/real-wallet-connect.tsx"
2025-10-02T04:42:22.373832Z  INFO scan_sources: tailwindcss_oxide::scanner: Discovering "/Users/adarsh/Documents/devpaystream/.dockerignore"
2025-10-02T04:42:22.374051Z  INFO scan_sources: tailwindcss_oxide::scanner: Discovering "/Users/adarsh/Documents/devpaystream/public"
2025-10-02T04:42:22.374149Z  INFO scan_sources: tailwindcss_oxide::scanner: Discovering "/Users/adarsh/Documents/devpaystream/public/placeholder-logo.svg"
2025-10-02T04:42:22.374281Z  INFO scan_sources: tailwindcss_oxide::scanner: Discovering "/Users/adarsh/Documents/devpaystream/public/placeholder.svg"
2025-10-02T04:42:22.374345Z  INFO scan_sources: tailwindcss_oxide::scanner: Discovering "/Users/adarsh/Documents/devpaystream/package.json"
2025-10-02T04:42:22.374385Z  INFO scan_sources: tailwindcss_oxide::scanner: Discovering "/Users/adarsh/Documents/devpaystream/Move.toml"
2025-10-02T04:42:22.374456Z  INFO scan_sources: tailwindcss_oxide::scanner: Discovering "/Users/adarsh/Documents/devpaystream/hooks"
2025-10-02T04:42:22.374547Z  INFO scan_sources: tailwindcss_oxide::scanner: Discovering "/Users/adarsh/Documents/devpaystream/hooks/use-mobile.ts"
2025-10-02T04:42:22.374573Z  INFO scan_sources: tailwindcss_oxide::scanner: Discovering "/Users/adarsh/Documents/devpaystream/hooks/use-toast.ts"
2025-10-02T04:42:22.374668Z  INFO scan_sources: tailwindcss_oxide::scanner: Discovering "/Users/adarsh/Documents/devpaystream/lib"
2025-10-02T04:42:22.374787Z  INFO scan_sources: tailwindcss_oxide::scanner: Discovering "/Users/adarsh/Documents/devpaystream/lib/prisma.ts"
2025-10-02T04:42:22.374921Z  INFO scan_sources: tailwindcss_oxide::scanner: Discovering "/Users/adarsh/Documents/devpaystream/lib/contract"
2025-10-02T04:42:22.375079Z  INFO scan_sources: tailwindcss_oxide::scanner: Discovering "/Users/adarsh/Documents/devpaystream/lib/contract/useVault.ts"
2025-10-02T04:42:22.375116Z  INFO scan_sources: tailwindcss_oxide::scanner: Discovering "/Users/adarsh/Documents/devpaystream/lib/contract/README.md"
2025-10-02T04:42:22.375160Z  INFO scan_sources: tailwindcss_oxide::scanner: Discovering "/Users/adarsh/Documents/devpaystream/lib/contract/index.ts"
2025-10-02T04:42:22.375203Z  INFO scan_sources: tailwindcss_oxide::scanner: Discovering "/Users/adarsh/Documents/devpaystream/lib/utils.ts"
2025-10-02T04:42:22.375241Z  INFO scan_sources: tailwindcss_oxide::scanner: Discovering "/Users/adarsh/Documents/devpaystream/lib/mock-data.ts"
2025-10-02T04:42:22.375293Z  INFO scan_sources: tailwindcss_oxide::scanner: Discovering "/Users/adarsh/Documents/devpaystream/compose.yaml"
2025-10-02T04:42:22.375327Z  INFO scan_sources: tailwindcss_oxide::scanner: Discovering "/Users/adarsh/Documents/devpaystream/components.json"
2025-10-02T04:42:22.375358Z  INFO scan_sources: tailwindcss_oxide::scanner: Discovering "/Users/adarsh/Documents/devpaystream/tsconfig.json"
2025-10-02T04:42:22.375850Z  INFO scan_sources: tailwindcss_oxide::scanner: Discovering "/Users/adarsh/Documents/devpaystream/.eslintrc.json"
2025-10-02T04:42:22.375905Z  INFO scan_sources: tailwindcss_oxide::scanner: Discovering "/Users/adarsh/Documents/devpaystream/env.example"
2025-10-02T04:42:22.376190Z  INFO scan_sources: tailwindcss_oxide::scanner: exit
2025-10-02T04:42:22.376290Z  INFO extract_candidates: tailwindcss_oxide::scanner: enter
2025-10-02T04:42:22.376318Z  INFO extract_candidates:read_all_files: tailwindcss_oxide::scanner: enter
2025-10-02T04:42:22.376330Z  INFO extract_candidates:read_all_files: tailwindcss_oxide::scanner: Reading 101 file(s)
2025-10-02T04:42:22.377744Z  INFO tailwindcss_oxide::scanner: Reading "/Users/adarsh/Documents/devpaystream/app/api/v1/dashboard/developer/[developerId]/route.ts"
2025-10-02T04:42:22.377915Z  INFO tailwindcss_oxide::scanner: Reading "/Users/adarsh/Documents/devpaystream/components/initialize-vault-button.tsx"
2025-10-02T04:42:22.378026Z  INFO tailwindcss_oxide::scanner: Reading "/Users/adarsh/Documents/devpaystream/hooks/use-mobile.ts"
2025-10-02T04:42:22.378352Z  INFO tailwindcss_oxide::scanner: Reading "/Users/adarsh/Documents/devpaystream/app/api/v1/contract/initialize/route.ts"
2025-10-02T04:42:22.377789Z  INFO tailwindcss_oxide::scanner: Reading "/Users/adarsh/Documents/devpaystream/prisma/migrations/20250903135709_init/migration.sql"
2025-10-02T04:42:22.378403Z  INFO tailwindcss_oxide::scanner: Reading "/Users/adarsh/Documents/devpaystream/CONTRACT_FUNDING.md"
2025-10-02T04:42:22.378451Z  INFO tailwindcss_oxide::scanner: Reading "/Users/adarsh/Documents/devpaystream/app/api/v1/contract/test-funding/route.ts"
2025-10-02T04:42:22.378524Z  INFO tailwindcss_oxide::scanner: Reading "/Users/adarsh/Documents/devpaystream/components/ui/tabs.tsx"
2025-10-02T04:42:22.378595Z  INFO tailwindcss_oxide::scanner: Reading "/Users/adarsh/Documents/devpaystream/app/api/v1/auth/admin/signin/route.ts"
2025-10-02T04:42:22.377960Z  INFO tailwindcss_oxide::scanner: Reading "/Users/adarsh/Documents/devpaystream/components/ui/label.tsx"
2025-10-02T04:42:22.377960Z  INFO tailwindcss_oxide::scanner: Reading "/Users/adarsh/Documents/devpaystream/app/api/v1/dashboard/admin/route.ts"
2025-10-02T04:42:22.378743Z  INFO tailwindcss_oxide::scanner: Reading "/Users/adarsh/Documents/devpaystream/app/api/v1/auth/admin/login/route.ts"
2025-10-02T04:42:22.378792Z  INFO tailwindcss_oxide::scanner: Reading "/Users/adarsh/Documents/devpaystream/app/api/v1/contributor/pr-claim-status/route.ts"
2025-10-02T04:42:22.378832Z  INFO tailwindcss_oxide::scanner: Reading "/Users/adarsh/Documents/devpaystream/hooks/use-toast.ts"
2025-10-02T04:42:22.378892Z  INFO tailwindcss_oxide::scanner: Reading "/Users/adarsh/Documents/devpaystream/app/api/v1/auth/contributer/signin/route.ts"
2025-10-02T04:42:22.378923Z  INFO tailwindcss_oxide::scanner: Reading "/Users/adarsh/Documents/devpaystream/components/ui/sonner.tsx"
2025-10-02T04:42:22.379064Z  INFO tailwindcss_oxide::scanner: Reading "/Users/adarsh/Documents/devpaystream/app/api/v1/auth/contributer/login/route.ts"
2025-10-02T04:42:22.378903Z  INFO tailwindcss_oxide::scanner: Reading "/Users/adarsh/Documents/devpaystream/app/api/v1/contributor/prs/route.ts"
2025-10-02T04:42:22.379169Z  INFO tailwindcss_oxide::scanner: Reading "/Users/adarsh/Documents/devpaystream/app/api/v1/contributor/validate-pr/route.ts"
2025-10-02T04:42:22.379244Z  INFO tailwindcss_oxide::scanner: Reading "/Users/adarsh/Documents/devpaystream/components/claim-reward-dialog.tsx"
2025-10-02T04:42:22.379282Z  INFO tailwindcss_oxide::scanner: Reading "/Users/adarsh/Documents/devpaystream/components/ui/card.tsx"
2025-10-02T04:42:22.379093Z  INFO tailwindcss_oxide::scanner: Reading "/Users/adarsh/Documents/devpaystream/lib/prisma.ts"
2025-10-02T04:42:22.379283Z  INFO tailwindcss_oxide::scanner: Reading "/Users/adarsh/Documents/devpaystream/test-prisma.js"
2025-10-02T04:42:22.379331Z  INFO tailwindcss_oxide::scanner: Reading "/Users/adarsh/Documents/devpaystream/prisma/migrations/20250910050040_global/migration.sql"
2025-10-02T04:42:22.379556Z  INFO tailwindcss_oxide::scanner: Reading "/Users/adarsh/Documents/devpaystream/components/client-wallet-provider.tsx"
2025-10-02T04:42:22.379510Z  INFO tailwindcss_oxide::scanner: Reading "/Users/adarsh/Documents/devpaystream/components/ui/popover.tsx"
2025-10-02T04:42:22.379521Z  INFO tailwindcss_oxide::scanner: Reading "/Users/adarsh/Documents/devpaystream/components/ui/alert.tsx"
2025-10-02T04:42:22.379758Z  INFO tailwindcss_oxide::scanner: Reading "/Users/adarsh/Documents/devpaystream/app/api/v1/contributor/github-prs/claim-bounty/route.ts"
2025-10-02T04:42:22.379745Z  INFO tailwindcss_oxide::scanner: Reading "/Users/adarsh/Documents/devpaystream/lib/contract/useVault.ts"
2025-10-02T04:42:22.379928Z  INFO tailwindcss_oxide::scanner: Reading "/Users/adarsh/Documents/devpaystream/prisma/schema.prisma"
2025-10-02T04:42:22.379934Z  INFO tailwindcss_oxide::scanner: Reading "/Users/adarsh/Documents/devpaystream/components/ui/progress.tsx"
2025-10-02T04:42:22.380188Z  INFO tailwindcss_oxide::scanner: Reading "/Users/adarsh/Documents/devpaystream/contract/Move.toml"
2025-10-02T04:42:22.380468Z  INFO tailwindcss_oxide::scanner: Reading "/Users/adarsh/Documents/devpaystream/app/api/v1/projects/[projectId]/prs/route.ts"
2025-10-02T04:42:22.380212Z  INFO tailwindcss_oxide::scanner: Reading "/Users/adarsh/Documents/devpaystream/components/ui/toaster.tsx"
2025-10-02T04:42:22.380533Z  INFO tailwindcss_oxide::scanner: Reading "/Users/adarsh/Documents/devpaystream/lib/contract/README.md"
2025-10-02T04:42:22.380663Z  INFO tailwindcss_oxide::scanner: Reading "/Users/adarsh/Documents/devpaystream/app/api/v1/contributor/github-prs/mark-claimed/route.ts"
2025-10-02T04:42:22.380678Z  INFO tailwindcss_oxide::scanner: Reading "/Users/adarsh/Documents/devpaystream/CONTRIBUTOR_DASHBOARD.md"
2025-10-02T04:42:22.380485Z  INFO tailwindcss_oxide::scanner: Reading "/Users/adarsh/Documents/devpaystream/components/app-sidebar.tsx"
2025-10-02T04:42:22.380487Z  INFO tailwindcss_oxide::scanner: Reading "/Users/adarsh/Documents/devpaystream/components/ui/avatar.tsx"
2025-10-02T04:42:22.380864Z  INFO tailwindcss_oxide::scanner: Reading "/Users/adarsh/Documents/devpaystream/components/ui/sheet.tsx"
2025-10-02T04:42:22.380947Z  INFO tailwindcss_oxide::scanner: Reading "/Users/adarsh/Documents/devpaystream/contract/Move.toml.backup"
2025-10-02T04:42:22.380961Z  INFO tailwindcss_oxide::scanner: Reading "/Users/adarsh/Documents/devpaystream/lib/contract/index.ts"
2025-10-02T04:42:22.381668Z  INFO tailwindcss_oxide::scanner: Reading "/Users/adarsh/Documents/devpaystream/app/api/v1/contributor/github-prs/route.ts"
2025-10-02T04:42:22.381865Z  INFO tailwindcss_oxide::scanner: Reading "/Users/adarsh/Documents/devpaystream/lib/utils.ts"
2025-10-02T04:42:22.381358Z  INFO tailwindcss_oxide::scanner: Reading "/Users/adarsh/Documents/devpaystream/app/api/v1/projects/[projectId]/route.ts"
2025-10-02T04:42:22.380970Z  INFO tailwindcss_oxide::scanner: Reading "/Users/adarsh/Documents/devpaystream/app/api/v1/projects/[projectId]/prs/[prNumber]/claim-bounty/route.ts"
2025-10-02T04:42:22.382096Z  INFO tailwindcss_oxide::scanner: Reading "/Users/adarsh/Documents/devpaystream/app/api/v1/projects/[projectId]/github-prs/route.ts"
2025-10-02T04:42:22.382188Z  INFO tailwindcss_oxide::scanner: Reading "/Users/adarsh/Documents/devpaystream/components/ui/dialog.tsx"
2025-10-02T04:42:22.382292Z  INFO tailwindcss_oxide::scanner: Reading "/Users/adarsh/Documents/devpaystream/app/api/v1/projects/[projectId]/payouts/route.ts"
2025-10-02T04:42:22.382310Z  INFO tailwindcss_oxide::scanner: Reading "/Users/adarsh/Documents/devpaystream/README.md"
2025-10-02T04:42:22.382403Z  INFO tailwindcss_oxide::scanner: Reading "/Users/adarsh/Documents/devpaystream/app/api/v1/projects/route.ts"
2025-10-02T04:42:22.381946Z  INFO tailwindcss_oxide::scanner: Reading "/Users/adarsh/Documents/devpaystream/components/auth-session-provider.tsx"
2025-10-02T04:42:22.382545Z  INFO tailwindcss_oxide::scanner: Reading "/Users/adarsh/Documents/devpaystream/lib/mock-data.ts"
2025-10-02T04:42:22.382812Z  INFO tailwindcss_oxide::scanner: Reading "/Users/adarsh/Documents/devpaystream/contract/sources/main.move"
2025-10-02T04:42:22.382832Z  INFO tailwindcss_oxide::scanner: Reading "/Users/adarsh/Documents/devpaystream/app/api/v1/webhooks/github/route.ts"
2025-10-02T04:42:22.382924Z  INFO tailwindcss_oxide::scanner: Reading "/Users/adarsh/Documents/devpaystream/app/api/v1/projects/[projectId]/prs/[prNumber]/route.ts"
2025-10-02T04:42:22.382969Z  INFO tailwindcss_oxide::scanner: Reading "/Users/adarsh/Documents/devpaystream/components/create-project-dialog.tsx"
2025-10-02T04:42:22.383108Z  INFO tailwindcss_oxide::scanner: Reading "/Users/adarsh/Documents/devpaystream/components/ui/badge.tsx"
2025-10-02T04:42:22.383150Z  INFO tailwindcss_oxide::scanner: Reading "/Users/adarsh/Documents/devpaystream/components/theme-provider.tsx"
2025-10-02T04:42:22.382901Z  INFO tailwindcss_oxide::scanner: Reading "/Users/adarsh/Documents/devpaystream/components/ui/table.tsx"
2025-10-02T04:42:22.383280Z  INFO tailwindcss_oxide::scanner: Reading "/Users/adarsh/Documents/devpaystream/compose.yaml"
2025-10-02T04:42:22.383329Z  INFO tailwindcss_oxide::scanner: Reading "/Users/adarsh/Documents/devpaystream/app/api/v1/developers/[developerId]/route.ts"
2025-10-02T04:42:22.383155Z  INFO tailwindcss_oxide::scanner: Reading "/Users/adarsh/Documents/devpaystream/app/admin/dashboard/layout.tsx"
2025-10-02T04:42:22.383207Z  INFO tailwindcss_oxide::scanner: Reading "/Users/adarsh/Documents/devpaystream/components.json"
2025-10-02T04:42:22.383288Z  INFO tailwindcss_oxide::scanner: Reading "/Users/adarsh/Documents/devpaystream/public/placeholder-logo.svg"
2025-10-02T04:42:22.383466Z  INFO tailwindcss_oxide::scanner: Reading "/Users/adarsh/Documents/devpaystream/app/api/v1/developers/[developerId]/payouts/route.ts"
2025-10-02T04:42:22.383457Z  INFO tailwindcss_oxide::scanner: Reading "/Users/adarsh/Documents/devpaystream/components/app-header.tsx"
2025-10-02T04:42:22.383487Z  INFO tailwindcss_oxide::scanner: Reading "/Users/adarsh/Documents/devpaystream/app/admin/dashboard/page.tsx"
2025-10-02T04:42:22.383688Z  INFO tailwindcss_oxide::scanner: Reading "/Users/adarsh/Documents/devpaystream/public/placeholder.svg"
2025-10-02T04:42:22.383534Z  INFO tailwindcss_oxide::scanner: Reading "/Users/adarsh/Documents/devpaystream/tsconfig.json"
2025-10-02T04:42:22.383626Z  INFO tailwindcss_oxide::scanner: Reading "/Users/adarsh/Documents/devpaystream/app/api/v1/developers/route.ts"
2025-10-02T04:42:22.383777Z  INFO tailwindcss_oxide::scanner: Reading "/Users/adarsh/Documents/devpaystream/app/contributor/projects/[projectId]/page.tsx"
2025-10-02T04:42:22.383788Z  INFO tailwindcss_oxide::scanner: Reading "/Users/adarsh/Documents/devpaystream/package.json"
2025-10-02T04:42:22.383882Z  INFO tailwindcss_oxide::scanner: Reading "/Users/adarsh/Documents/devpaystream/app/contributor/dashboard/[projectId]/pr-validation/page.tsx"
2025-10-02T04:42:22.383849Z  INFO tailwindcss_oxide::scanner: Reading "/Users/adarsh/Documents/devpaystream/app/api/middleware/auth.ts"
2025-10-02T04:42:22.383968Z  INFO tailwindcss_oxide::scanner: Reading "/Users/adarsh/Documents/devpaystream/app/contributor/dashboard/[projectId]/claim/page.tsx"
2025-10-02T04:42:22.383999Z  INFO tailwindcss_oxide::scanner: Reading "/Users/adarsh/Documents/devpaystream/components/ui/button.tsx"
2025-10-02T04:42:22.384018Z  INFO tailwindcss_oxide::scanner: Reading "/Users/adarsh/Documents/devpaystream/app/api/auth/[...nextauth]/route.ts"
2025-10-02T04:42:22.384035Z  INFO tailwindcss_oxide::scanner: Reading "/Users/adarsh/Documents/devpaystream/app/contributor/dashboard/page.tsx"
2025-10-02T04:42:22.384190Z  INFO tailwindcss_oxide::scanner: Reading "/Users/adarsh/Documents/devpaystream/app/api/agents/github/contribution/prompt.ts"
2025-10-02T04:42:22.384199Z  INFO tailwindcss_oxide::scanner: Reading "/Users/adarsh/Documents/devpaystream/app/layout.tsx"
2025-10-02T04:42:22.384265Z  INFO tailwindcss_oxide::scanner: Reading "/Users/adarsh/Documents/devpaystream/app/api/agents/github/contribution/route.ts"
2025-10-02T04:42:22.384370Z  INFO tailwindcss_oxide::scanner: Reading "/Users/adarsh/Documents/devpaystream/components/ui/toast.tsx"
2025-10-02T04:42:22.384316Z  INFO tailwindcss_oxide::scanner: Reading "/Users/adarsh/Documents/devpaystream/.eslintrc.json"
2025-10-02T04:42:22.384392Z  INFO tailwindcss_oxide::scanner: Reading "/Users/adarsh/Documents/devpaystream/.dockerignore"
2025-10-02T04:42:22.384397Z  INFO tailwindcss_oxide::scanner: Reading "/Users/adarsh/Documents/devpaystream/app/api/utils/response.ts"
2025-10-02T04:42:22.384400Z  INFO tailwindcss_oxide::scanner: Reading "/Users/adarsh/Documents/devpaystream/env.example"
2025-10-02T04:42:22.384576Z  INFO tailwindcss_oxide::scanner: Reading "/Users/adarsh/Documents/devpaystream/app/api/README.md"
2025-10-02T04:42:22.384397Z  INFO tailwindcss_oxide::scanner: Reading "/Users/adarsh/Documents/devpaystream/components/real-wallet-connect.tsx"
2025-10-02T04:42:22.384657Z  INFO tailwindcss_oxide::scanner: Reading "/Users/adarsh/Documents/devpaystream/components/ui/skeleton.tsx"
2025-10-02T04:42:22.384686Z  INFO tailwindcss_oxide::scanner: Reading "/Users/adarsh/Documents/devpaystream/app/api/test-examples.md"
2025-10-02T04:42:22.384677Z  INFO tailwindcss_oxide::scanner: Reading "/Users/adarsh/Documents/devpaystream/postcss.config.mjs"
2025-10-02T04:42:22.384664Z  INFO tailwindcss_oxide::scanner: Reading "/Users/adarsh/Documents/devpaystream/components/ui/textarea.tsx"
2025-10-02T04:42:22.384780Z  INFO tailwindcss_oxide::scanner: Reading "/Users/adarsh/Documents/devpaystream/components/ui/select.tsx"
2025-10-02T04:42:22.384700Z  INFO tailwindcss_oxide::scanner: Reading "/Users/adarsh/Documents/devpaystream/next.config.mjs"
2025-10-02T04:42:22.384909Z  INFO tailwindcss_oxide::scanner: Reading "/Users/adarsh/Documents/devpaystream/components/ui/input.tsx"
2025-10-02T04:42:22.384846Z  INFO tailwindcss_oxide::scanner: Reading "/Users/adarsh/Documents/devpaystream/app/provider.tsx"
2025-10-02T04:42:22.384851Z  INFO tailwindcss_oxide::scanner: Reading "/Users/adarsh/Documents/devpaystream/app/page.tsx"
2025-10-02T04:42:22.384842Z  INFO tailwindcss_oxide::scanner: Reading "/Users/adarsh/Documents/devpaystream/Move.toml"
2025-10-02T04:42:22.385357Z  INFO tailwindcss_oxide::scanner: Reading "/Users/adarsh/Documents/devpaystream/prisma/migrations/migration_lock.toml"
2025-10-02T04:42:22.385360Z  INFO tailwindcss_oxide::scanner: Reading "/Users/adarsh/Documents/devpaystream/Dockerfile"
2025-10-02T04:42:22.385569Z  INFO extract_candidates:read_all_files: tailwindcss_oxide::scanner: exit
2025-10-02T04:42:22.385590Z  INFO extract_candidates:parse_all_blobs: tailwindcss_oxide::scanner: enter
2025-10-02T04:42:22.385602Z  INFO extract_candidates:parse_all_blobs:extract: tailwindcss_oxide::scanner: enter
2025-10-02T04:42:22.394154Z  INFO extract_candidates:parse_all_blobs:extract: tailwindcss_oxide::scanner: exit
2025-10-02T04:42:22.394227Z  INFO extract_candidates:parse_all_blobs: tailwindcss_oxide::scanner: exit
2025-10-02T04:42:22.394249Z  INFO extract_candidates:read_all_files: tailwindcss_oxide::scanner: enter
2025-10-02T04:42:22.394263Z  INFO extract_candidates:read_all_files: tailwindcss_oxide::scanner: Reading 2 file(s)
2025-10-02T04:42:22.394404Z  INFO tailwindcss_oxide::scanner: Reading "/Users/adarsh/Documents/devpaystream/app/globals.css"
2025-10-02T04:42:22.394593Z  INFO tailwindcss_oxide::scanner: Reading "/Users/adarsh/Documents/devpaystream/styles/globals.css"
2025-10-02T04:42:22.394685Z  INFO extract_candidates:read_all_files: tailwindcss_oxide::scanner: exit
2025-10-02T04:42:22.394738Z  INFO extract_candidates:extract_css_variables: tailwindcss_oxide::scanner: enter
2025-10-02T04:42:22.394753Z  INFO extract_candidates:extract_css_variables:extract: tailwindcss_oxide::scanner: enter
2025-10-02T04:42:22.395025Z  INFO extract_candidates:extract_css_variables:extract: tailwindcss_oxide::scanner: exit
2025-10-02T04:42:22.395053Z  INFO extract_candidates:extract_css_variables: tailwindcss_oxide::scanner: exit
2025-10-02T04:42:22.398428Z  INFO extract_candidates: tailwindcss_oxide::scanner: exit
2025-10-02T04:42:22.404453Z  INFO get_files: tailwindcss_oxide::scanner: enter
2025-10-02T04:42:22.404508Z  INFO get_files:scan_sources: tailwindcss_oxide::scanner: enter
2025-10-02T04:42:22.407807Z  INFO get_files:scan_sources: tailwindcss_oxide::scanner: Discovering "/Users/adarsh/Documents/devpaystream/contract"
2025-10-02T04:42:22.408877Z  INFO get_files:scan_sources: tailwindcss_oxide::scanner: Discovering "/Users/adarsh/Documents/devpaystream/contract/tests"
2025-10-02T04:42:22.409062Z  INFO get_files:scan_sources: tailwindcss_oxide::scanner: Discovering "/Users/adarsh/Documents/devpaystream/contract/scripts"
2025-10-02T04:42:22.409228Z  INFO get_files:scan_sources: tailwindcss_oxide::scanner: Discovering "/Users/adarsh/Documents/devpaystream/contract/sources"
2025-10-02T04:42:22.409676Z  INFO get_files:scan_sources: tailwindcss_oxide::scanner: Discovering "/Users/adarsh/Documents/devpaystream/app"
2025-10-02T04:42:22.409794Z  INFO get_files:scan_sources: tailwindcss_oxide::scanner: Discovering "/Users/adarsh/Documents/devpaystream/app/admin"
2025-10-02T04:42:22.409895Z  INFO get_files:scan_sources: tailwindcss_oxide::scanner: Discovering "/Users/adarsh/Documents/devpaystream/app/admin/dashboard"
2025-10-02T04:42:22.410075Z  INFO get_files:scan_sources: tailwindcss_oxide::scanner: Discovering "/Users/adarsh/Documents/devpaystream/app/contributor"
2025-10-02T04:42:22.410190Z  INFO get_files:scan_sources: tailwindcss_oxide::scanner: Discovering "/Users/adarsh/Documents/devpaystream/app/contributor/projects"
2025-10-02T04:42:22.410298Z  INFO get_files:scan_sources: tailwindcss_oxide::scanner: Discovering "/Users/adarsh/Documents/devpaystream/app/contributor/projects/[projectId]"
2025-10-02T04:42:22.410497Z  INFO get_files:scan_sources: tailwindcss_oxide::scanner: Discovering "/Users/adarsh/Documents/devpaystream/app/contributor/dashboard"
2025-10-02T04:42:22.410598Z  INFO get_files:scan_sources: tailwindcss_oxide::scanner: Discovering "/Users/adarsh/Documents/devpaystream/app/contributor/dashboard/[projectId]"
2025-10-02T04:42:22.410821Z  INFO get_files:scan_sources: tailwindcss_oxide::scanner: Discovering "/Users/adarsh/Documents/devpaystream/app/contributor/dashboard/[projectId]/pr-validation"
2025-10-02T04:42:22.410963Z  INFO get_files:scan_sources: tailwindcss_oxide::scanner: Discovering "/Users/adarsh/Documents/devpaystream/app/contributor/dashboard/[projectId]/claim"
2025-10-02T04:42:22.411128Z  INFO get_files:scan_sources: tailwindcss_oxide::scanner: Discovering "/Users/adarsh/Documents/devpaystream/app/api"
2025-10-02T04:42:22.411312Z  INFO get_files:scan_sources: tailwindcss_oxide::scanner: Discovering "/Users/adarsh/Documents/devpaystream/app/api/v1"
2025-10-02T04:42:22.411438Z  INFO get_files:scan_sources: tailwindcss_oxide::scanner: Discovering "/Users/adarsh/Documents/devpaystream/app/api/v1/contract"
2025-10-02T04:42:22.411552Z  INFO get_files:scan_sources: tailwindcss_oxide::scanner: Discovering "/Users/adarsh/Documents/devpaystream/app/api/v1/contract/initialize"
2025-10-02T04:42:22.411689Z  INFO get_files:scan_sources: tailwindcss_oxide::scanner: Discovering "/Users/adarsh/Documents/devpaystream/app/api/v1/contract/test-funding"
2025-10-02T04:42:22.411821Z  INFO get_files:scan_sources: tailwindcss_oxide::scanner: Discovering "/Users/adarsh/Documents/devpaystream/app/api/v1/auth"
2025-10-02T04:42:22.411921Z  INFO get_files:scan_sources: tailwindcss_oxide::scanner: Discovering "/Users/adarsh/Documents/devpaystream/app/api/v1/auth/admin"
2025-10-02T04:42:22.412020Z  INFO get_files:scan_sources: tailwindcss_oxide::scanner: Discovering "/Users/adarsh/Documents/devpaystream/app/api/v1/auth/admin/signin"
2025-10-02T04:42:22.412137Z  INFO get_files:scan_sources: tailwindcss_oxide::scanner: Discovering "/Users/adarsh/Documents/devpaystream/app/api/v1/auth/admin/login"
2025-10-02T04:42:22.412259Z  INFO get_files:scan_sources: tailwindcss_oxide::scanner: Discovering "/Users/adarsh/Documents/devpaystream/app/api/v1/auth/contributer"
2025-10-02T04:42:22.412355Z  INFO get_files:scan_sources: tailwindcss_oxide::scanner: Discovering "/Users/adarsh/Documents/devpaystream/app/api/v1/auth/contributer/signin"
2025-10-02T04:42:22.412468Z  INFO get_files:scan_sources: tailwindcss_oxide::scanner: Discovering "/Users/adarsh/Documents/devpaystream/app/api/v1/auth/contributer/login"
2025-10-02T04:42:22.412589Z  INFO get_files:scan_sources: tailwindcss_oxide::scanner: Discovering "/Users/adarsh/Documents/devpaystream/app/api/v1/projects"
2025-10-02T04:42:22.412684Z  INFO get_files:scan_sources: tailwindcss_oxide::scanner: Discovering "/Users/adarsh/Documents/devpaystream/app/api/v1/projects/[projectId]"
2025-10-02T04:42:22.412781Z  INFO get_files:scan_sources: tailwindcss_oxide::scanner: Discovering "/Users/adarsh/Documents/devpaystream/app/api/v1/projects/[projectId]/prs"
2025-10-02T04:42:22.412899Z  INFO get_files:scan_sources: tailwindcss_oxide::scanner: Discovering "/Users/adarsh/Documents/devpaystream/app/api/v1/projects/[projectId]/prs/[prNumber]"
2025-10-02T04:42:22.413005Z  INFO get_files:scan_sources: tailwindcss_oxide::scanner: Discovering "/Users/adarsh/Documents/devpaystream/app/api/v1/projects/[projectId]/prs/[prNumber]/claim-bounty"
2025-10-02T04:42:22.413173Z  INFO get_files:scan_sources: tailwindcss_oxide::scanner: Discovering "/Users/adarsh/Documents/devpaystream/app/api/v1/projects/[projectId]/github-prs"
2025-10-02T04:42:22.413300Z  INFO get_files:scan_sources: tailwindcss_oxide::scanner: Discovering "/Users/adarsh/Documents/devpaystream/app/api/v1/projects/[projectId]/payouts"
2025-10-02T04:42:22.413522Z  INFO get_files:scan_sources: tailwindcss_oxide::scanner: Discovering "/Users/adarsh/Documents/devpaystream/app/api/v1/projects/[projectId]/fund"
2025-10-02T04:42:22.413866Z  INFO get_files:scan_sources: tailwindcss_oxide::scanner: Discovering "/Users/adarsh/Documents/devpaystream/app/api/v1/dashboard"
2025-10-02T04:42:22.413991Z  INFO get_files:scan_sources: tailwindcss_oxide::scanner: Discovering "/Users/adarsh/Documents/devpaystream/app/api/v1/dashboard/developer"
2025-10-02T04:42:22.414095Z  INFO get_files:scan_sources: tailwindcss_oxide::scanner: Discovering "/Users/adarsh/Documents/devpaystream/app/api/v1/dashboard/developer/[developerId]"
2025-10-02T04:42:22.414225Z  INFO get_files:scan_sources: tailwindcss_oxide::scanner: Discovering "/Users/adarsh/Documents/devpaystream/app/api/v1/dashboard/admin"
2025-10-02T04:42:22.414351Z  INFO get_files:scan_sources: tailwindcss_oxide::scanner: Discovering "/Users/adarsh/Documents/devpaystream/app/api/v1/contributor"
2025-10-02T04:42:22.414454Z  INFO get_files:scan_sources: tailwindcss_oxide::scanner: Discovering "/Users/adarsh/Documents/devpaystream/app/api/v1/contributor/pr-claim-status"
2025-10-02T04:42:22.414581Z  INFO get_files:scan_sources: tailwindcss_oxide::scanner: Discovering "/Users/adarsh/Documents/devpaystream/app/api/v1/contributor/prs"
2025-10-02T04:42:22.414704Z  INFO get_files:scan_sources: tailwindcss_oxide::scanner: Discovering "/Users/adarsh/Documents/devpaystream/app/api/v1/contributor/validate-pr"
2025-10-02T04:42:22.414827Z  INFO get_files:scan_sources: tailwindcss_oxide::scanner: Discovering "/Users/adarsh/Documents/devpaystream/app/api/v1/contributor/github-prs"
2025-10-02T04:42:22.414929Z  INFO get_files:scan_sources: tailwindcss_oxide::scanner: Discovering "/Users/adarsh/Documents/devpaystream/app/api/v1/contributor/github-prs/claim-bounty"
2025-10-02T04:42:22.415070Z  INFO get_files:scan_sources: tailwindcss_oxide::scanner: Discovering "/Users/adarsh/Documents/devpaystream/app/api/v1/contributor/github-prs/mark-claimed"
2025-10-02T04:42:22.415223Z  INFO get_files:scan_sources: tailwindcss_oxide::scanner: Discovering "/Users/adarsh/Documents/devpaystream/app/api/v1/webhooks"
2025-10-02T04:42:22.415316Z  INFO get_files:scan_sources: tailwindcss_oxide::scanner: Discovering "/Users/adarsh/Documents/devpaystream/app/api/v1/webhooks/github"
2025-10-02T04:42:22.415433Z  INFO get_files:scan_sources: tailwindcss_oxide::scanner: Discovering "/Users/adarsh/Documents/devpaystream/app/api/v1/developers"
2025-10-02T04:42:22.415527Z  INFO get_files:scan_sources: tailwindcss_oxide::scanner: Discovering "/Users/adarsh/Documents/devpaystream/app/api/v1/developers/[developerId]"
2025-10-02T04:42:22.415642Z  INFO get_files:scan_sources: tailwindcss_oxide::scanner: Discovering "/Users/adarsh/Documents/devpaystream/app/api/v1/developers/[developerId]/payouts"
2025-10-02T04:42:22.415787Z  INFO get_files:scan_sources: tailwindcss_oxide::scanner: Discovering "/Users/adarsh/Documents/devpaystream/app/api/middleware"
2025-10-02T04:42:22.415901Z  INFO get_files:scan_sources: tailwindcss_oxide::scanner: Discovering "/Users/adarsh/Documents/devpaystream/app/api/auth"
2025-10-02T04:42:22.415999Z  INFO get_files:scan_sources: tailwindcss_oxide::scanner: Discovering "/Users/adarsh/Documents/devpaystream/app/api/auth/[...nextauth]"
2025-10-02T04:42:22.416117Z  INFO get_files:scan_sources: tailwindcss_oxide::scanner: Discovering "/Users/adarsh/Documents/devpaystream/app/api/agents"
2025-10-02T04:42:22.416209Z  INFO get_files:scan_sources: tailwindcss_oxide::scanner: Discovering "/Users/adarsh/Documents/devpaystream/app/api/agents/github"
2025-10-02T04:42:22.416303Z  INFO get_files:scan_sources: tailwindcss_oxide::scanner: Discovering "/Users/adarsh/Documents/devpaystream/app/api/agents/github/contribution"
2025-10-02T04:42:22.416441Z  INFO get_files:scan_sources: tailwindcss_oxide::scanner: Discovering "/Users/adarsh/Documents/devpaystream/app/api/utils"
2025-10-02T04:42:22.416881Z  INFO get_files:scan_sources: tailwindcss_oxide::scanner: Discovering "/Users/adarsh/Documents/devpaystream/.aptos"
2025-10-02T04:42:22.417402Z  INFO get_files:scan_sources: tailwindcss_oxide::scanner: Discovering "/Users/adarsh/Documents/devpaystream/prisma"
2025-10-02T04:42:22.417570Z  INFO get_files:scan_sources: tailwindcss_oxide::scanner: Discovering "/Users/adarsh/Documents/devpaystream/prisma/migrations"
2025-10-02T04:42:22.417830Z  INFO get_files:scan_sources: tailwindcss_oxide::scanner: Discovering "/Users/adarsh/Documents/devpaystream/prisma/migrations/20250903135709_init"
2025-10-02T04:42:22.418061Z  INFO get_files:scan_sources: tailwindcss_oxide::scanner: Discovering "/Users/adarsh/Documents/devpaystream/prisma/migrations/20250910050040_global"
2025-10-02T04:42:22.418386Z  INFO get_files:scan_sources: tailwindcss_oxide::scanner: Discovering "/Users/adarsh/Documents/devpaystream/styles"
2025-10-02T04:42:22.418502Z  INFO get_files:scan_sources: tailwindcss_oxide::scanner: Discovering "/Users/adarsh/Documents/devpaystream/components"
2025-10-02T04:42:22.418631Z  INFO get_files:scan_sources: tailwindcss_oxide::scanner: Discovering "/Users/adarsh/Documents/devpaystream/components/ui"
2025-10-02T04:42:22.419138Z  INFO get_files:scan_sources: tailwindcss_oxide::scanner: Discovering "/Users/adarsh/Documents/devpaystream/public"
2025-10-02T04:42:22.419389Z  INFO get_files:scan_sources: tailwindcss_oxide::scanner: Discovering "/Users/adarsh/Documents/devpaystream/hooks"
2025-10-02T04:42:22.419517Z  INFO get_files:scan_sources: tailwindcss_oxide::scanner: Discovering "/Users/adarsh/Documents/devpaystream/lib"
2025-10-02T04:42:22.419634Z  INFO get_files:scan_sources: tailwindcss_oxide::scanner: Discovering "/Users/adarsh/Documents/devpaystream/lib/contract"
2025-10-02T04:42:22.420412Z  INFO get_files:scan_sources: tailwindcss_oxide::scanner: exit
2025-10-02T04:42:22.420958Z  INFO get_files: tailwindcss_oxide::scanner: exit
2025-10-02T04:42:22.422229Z  INFO get_globs: tailwindcss_oxide::scanner: enter
2025-10-02T04:42:22.422289Z  INFO get_globs:scan_sources: tailwindcss_oxide::scanner: enter
2025-10-02T04:42:22.424140Z  INFO get_globs:scan_sources: tailwindcss_oxide::scanner: Discovering "/Users/adarsh/Documents/devpaystream/contract"
2025-10-02T04:42:22.424868Z  INFO get_globs:scan_sources: tailwindcss_oxide::scanner: Discovering "/Users/adarsh/Documents/devpaystream/contract/tests"
2025-10-02T04:42:22.425020Z  INFO get_globs:scan_sources: tailwindcss_oxide::scanner: Discovering "/Users/adarsh/Documents/devpaystream/contract/scripts"
2025-10-02T04:42:22.425148Z  INFO get_globs:scan_sources: tailwindcss_oxide::scanner: Discovering "/Users/adarsh/Documents/devpaystream/contract/sources"
2025-10-02T04:42:22.425371Z  INFO get_globs:scan_sources: tailwindcss_oxide::scanner: Discovering "/Users/adarsh/Documents/devpaystream/app"
2025-10-02T04:42:22.425487Z  INFO get_globs:scan_sources: tailwindcss_oxide::scanner: Discovering "/Users/adarsh/Documents/devpaystream/app/admin"
2025-10-02T04:42:22.425589Z  INFO get_globs:scan_sources: tailwindcss_oxide::scanner: Discovering "/Users/adarsh/Documents/devpaystream/app/admin/dashboard"
2025-10-02T04:42:22.425739Z  INFO get_globs:scan_sources: tailwindcss_oxide::scanner: Discovering "/Users/adarsh/Documents/devpaystream/app/contributor"
2025-10-02T04:42:22.425838Z  INFO get_globs:scan_sources: tailwindcss_oxide::scanner: Discovering "/Users/adarsh/Documents/devpaystream/app/contributor/projects"
2025-10-02T04:42:22.425941Z  INFO get_globs:scan_sources: tailwindcss_oxide::scanner: Discovering "/Users/adarsh/Documents/devpaystream/app/contributor/projects/[projectId]"
2025-10-02T04:42:22.426068Z  INFO get_globs:scan_sources: tailwindcss_oxide::scanner: Discovering "/Users/adarsh/Documents/devpaystream/app/contributor/dashboard"
2025-10-02T04:42:22.426164Z  INFO get_globs:scan_sources: tailwindcss_oxide::scanner: Discovering "/Users/adarsh/Documents/devpaystream/app/contributor/dashboard/[projectId]"
2025-10-02T04:42:22.426283Z  INFO get_globs:scan_sources: tailwindcss_oxide::scanner: Discovering "/Users/adarsh/Documents/devpaystream/app/contributor/dashboard/[projectId]/pr-validation"
2025-10-02T04:42:22.426495Z  INFO get_globs:scan_sources: tailwindcss_oxide::scanner: Discovering "/Users/adarsh/Documents/devpaystream/app/contributor/dashboard/[projectId]/claim"
2025-10-02T04:42:22.426984Z  INFO get_globs:scan_sources: tailwindcss_oxide::scanner: Discovering "/Users/adarsh/Documents/devpaystream/app/api"
2025-10-02T04:42:22.427237Z  INFO get_globs:scan_sources: tailwindcss_oxide::scanner: Discovering "/Users/adarsh/Documents/devpaystream/app/api/v1"
2025-10-02T04:42:22.427471Z  INFO get_globs:scan_sources: tailwindcss_oxide::scanner: Discovering "/Users/adarsh/Documents/devpaystream/app/api/v1/contract"
2025-10-02T04:42:22.427808Z  INFO get_globs:scan_sources: tailwindcss_oxide::scanner: Discovering "/Users/adarsh/Documents/devpaystream/app/api/v1/contract/initialize"
2025-10-02T04:42:22.428031Z  INFO get_globs:scan_sources: tailwindcss_oxide::scanner: Discovering "/Users/adarsh/Documents/devpaystream/app/api/v1/contract/test-funding"
2025-10-02T04:42:22.428172Z  INFO get_globs:scan_sources: tailwindcss_oxide::scanner: Discovering "/Users/adarsh/Documents/devpaystream/app/api/v1/auth"
2025-10-02T04:42:22.428308Z  INFO get_globs:scan_sources: tailwindcss_oxide::scanner: Discovering "/Users/adarsh/Documents/devpaystream/app/api/v1/auth/admin"
2025-10-02T04:42:22.428433Z  INFO get_globs:scan_sources: tailwindcss_oxide::scanner: Discovering "/Users/adarsh/Documents/devpaystream/app/api/v1/auth/admin/signin"
2025-10-02T04:42:22.428555Z  INFO get_globs:scan_sources: tailwindcss_oxide::scanner: Discovering "/Users/adarsh/Documents/devpaystream/app/api/v1/auth/admin/login"
2025-10-02T04:42:22.428674Z  INFO get_globs:scan_sources: tailwindcss_oxide::scanner: Discovering "/Users/adarsh/Documents/devpaystream/app/api/v1/auth/contributer"
2025-10-02T04:42:22.428768Z  INFO get_globs:scan_sources: tailwindcss_oxide::scanner: Discovering "/Users/adarsh/Documents/devpaystream/app/api/v1/auth/contributer/signin"
2025-10-02T04:42:22.428883Z  INFO get_globs:scan_sources: tailwindcss_oxide::scanner: Discovering "/Users/adarsh/Documents/devpaystream/app/api/v1/auth/contributer/login"
2025-10-02T04:42:22.429006Z  INFO get_globs:scan_sources: tailwindcss_oxide::scanner: Discovering "/Users/adarsh/Documents/devpaystream/app/api/v1/projects"
2025-10-02T04:42:22.429138Z  INFO get_globs:scan_sources: tailwindcss_oxide::scanner: Discovering "/Users/adarsh/Documents/devpaystream/app/api/v1/projects/[projectId]"
2025-10-02T04:42:22.429246Z  INFO get_globs:scan_sources: tailwindcss_oxide::scanner: Discovering "/Users/adarsh/Documents/devpaystream/app/api/v1/projects/[projectId]/prs"
2025-10-02T04:42:22.429362Z  INFO get_globs:scan_sources: tailwindcss_oxide::scanner: Discovering "/Users/adarsh/Documents/devpaystream/app/api/v1/projects/[projectId]/prs/[prNumber]"
2025-10-02T04:42:22.429467Z  INFO get_globs:scan_sources: tailwindcss_oxide::scanner: Discovering "/Users/adarsh/Documents/devpaystream/app/api/v1/projects/[projectId]/prs/[prNumber]/claim-bounty"
2025-10-02T04:42:22.429638Z  INFO get_globs:scan_sources: tailwindcss_oxide::scanner: Discovering "/Users/adarsh/Documents/devpaystream/app/api/v1/projects/[projectId]/github-prs"
2025-10-02T04:42:22.429789Z  INFO get_globs:scan_sources: tailwindcss_oxide::scanner: Discovering "/Users/adarsh/Documents/devpaystream/app/api/v1/projects/[projectId]/payouts"
2025-10-02T04:42:22.429907Z  INFO get_globs:scan_sources: tailwindcss_oxide::scanner: Discovering "/Users/adarsh/Documents/devpaystream/app/api/v1/projects/[projectId]/fund"
2025-10-02T04:42:22.430032Z  INFO get_globs:scan_sources: tailwindcss_oxide::scanner: Discovering "/Users/adarsh/Documents/devpaystream/app/api/v1/dashboard"
2025-10-02T04:42:22.430128Z  INFO get_globs:scan_sources: tailwindcss_oxide::scanner: Discovering "/Users/adarsh/Documents/devpaystream/app/api/v1/dashboard/developer"
2025-10-02T04:42:22.430243Z  INFO get_globs:scan_sources: tailwindcss_oxide::scanner: Discovering "/Users/adarsh/Documents/devpaystream/app/api/v1/dashboard/developer/[developerId]"
2025-10-02T04:42:22.430374Z  INFO get_globs:scan_sources: tailwindcss_oxide::scanner: Discovering "/Users/adarsh/Documents/devpaystream/app/api/v1/dashboard/admin"
2025-10-02T04:42:22.430494Z  INFO get_globs:scan_sources: tailwindcss_oxide::scanner: Discovering "/Users/adarsh/Documents/devpaystream/app/api/v1/contributor"
2025-10-02T04:42:22.430660Z  INFO get_globs:scan_sources: tailwindcss_oxide::scanner: Discovering "/Users/adarsh/Documents/devpaystream/app/api/v1/contributor/pr-claim-status"
2025-10-02T04:42:22.430782Z  INFO get_globs:scan_sources: tailwindcss_oxide::scanner: Discovering "/Users/adarsh/Documents/devpaystream/app/api/v1/contributor/prs"
2025-10-02T04:42:22.430900Z  INFO get_globs:scan_sources: tailwindcss_oxide::scanner: Discovering "/Users/adarsh/Documents/devpaystream/app/api/v1/contributor/validate-pr"
2025-10-02T04:42:22.431015Z  INFO get_globs:scan_sources: tailwindcss_oxide::scanner: Discovering "/Users/adarsh/Documents/devpaystream/app/api/v1/contributor/github-prs"
2025-10-02T04:42:22.431112Z  INFO get_globs:scan_sources: tailwindcss_oxide::scanner: Discovering "/Users/adarsh/Documents/devpaystream/app/api/v1/contributor/github-prs/claim-bounty"
2025-10-02T04:42:22.431234Z  INFO get_globs:scan_sources: tailwindcss_oxide::scanner: Discovering "/Users/adarsh/Documents/devpaystream/app/api/v1/contributor/github-prs/mark-claimed"
2025-10-02T04:42:22.431376Z  INFO get_globs:scan_sources: tailwindcss_oxide::scanner: Discovering "/Users/adarsh/Documents/devpaystream/app/api/v1/webhooks"
2025-10-02T04:42:22.431471Z  INFO get_globs:scan_sources: tailwindcss_oxide::scanner: Discovering "/Users/adarsh/Documents/devpaystream/app/api/v1/webhooks/github"
2025-10-02T04:42:22.431588Z  INFO get_globs:scan_sources: tailwindcss_oxide::scanner: Discovering "/Users/adarsh/Documents/devpaystream/app/api/v1/developers"
2025-10-02T04:42:22.431682Z  INFO get_globs:scan_sources: tailwindcss_oxide::scanner: Discovering "/Users/adarsh/Documents/devpaystream/app/api/v1/developers/[developerId]"
2025-10-02T04:42:22.431791Z  INFO get_globs:scan_sources: tailwindcss_oxide::scanner: Discovering "/Users/adarsh/Documents/devpaystream/app/api/v1/developers/[developerId]/payouts"
2025-10-02T04:42:22.431934Z  INFO get_globs:scan_sources: tailwindcss_oxide::scanner: Discovering "/Users/adarsh/Documents/devpaystream/app/api/middleware"
2025-10-02T04:42:22.432101Z  INFO get_globs:scan_sources: tailwindcss_oxide::scanner: Discovering "/Users/adarsh/Documents/devpaystream/app/api/auth"
2025-10-02T04:42:22.432209Z  INFO get_globs:scan_sources: tailwindcss_oxide::scanner: Discovering "/Users/adarsh/Documents/devpaystream/app/api/auth/[...nextauth]"
2025-10-02T04:42:22.432365Z  INFO get_globs:scan_sources: tailwindcss_oxide::scanner: Discovering "/Users/adarsh/Documents/devpaystream/app/api/agents"
2025-10-02T04:42:22.432462Z  INFO get_globs:scan_sources: tailwindcss_oxide::scanner: Discovering "/Users/adarsh/Documents/devpaystream/app/api/agents/github"
2025-10-02T04:42:22.432557Z  INFO get_globs:scan_sources: tailwindcss_oxide::scanner: Discovering "/Users/adarsh/Documents/devpaystream/app/api/agents/github/contribution"
2025-10-02T04:42:22.432706Z  INFO get_globs:scan_sources: tailwindcss_oxide::scanner: Discovering "/Users/adarsh/Documents/devpaystream/app/api/utils"
2025-10-02T04:42:22.432964Z  INFO get_globs:scan_sources: tailwindcss_oxide::scanner: Discovering "/Users/adarsh/Documents/devpaystream/.aptos"
2025-10-02T04:42:22.433516Z  INFO get_globs:scan_sources: tailwindcss_oxide::scanner: Discovering "/Users/adarsh/Documents/devpaystream/prisma"
2025-10-02T04:42:22.433611Z  INFO get_globs:scan_sources: tailwindcss_oxide::scanner: Discovering "/Users/adarsh/Documents/devpaystream/prisma/migrations"
2025-10-02T04:42:22.433727Z  INFO get_globs:scan_sources: tailwindcss_oxide::scanner: Discovering "/Users/adarsh/Documents/devpaystream/prisma/migrations/20250903135709_init"
2025-10-02T04:42:22.433854Z  INFO get_globs:scan_sources: tailwindcss_oxide::scanner: Discovering "/Users/adarsh/Documents/devpaystream/prisma/migrations/20250910050040_global"
2025-10-02T04:42:22.434150Z  INFO get_globs:scan_sources: tailwindcss_oxide::scanner: Discovering "/Users/adarsh/Documents/devpaystream/styles"
2025-10-02T04:42:22.434259Z  INFO get_globs:scan_sources: tailwindcss_oxide::scanner: Discovering "/Users/adarsh/Documents/devpaystream/components"
2025-10-02T04:42:22.434468Z  INFO get_globs:scan_sources: tailwindcss_oxide::scanner: Discovering "/Users/adarsh/Documents/devpaystream/components/ui"
2025-10-02T04:42:22.434975Z  INFO get_globs:scan_sources: tailwindcss_oxide::scanner: Discovering "/Users/adarsh/Documents/devpaystream/public"
2025-10-02T04:42:22.435179Z  INFO get_globs:scan_sources: tailwindcss_oxide::scanner: Discovering "/Users/adarsh/Documents/devpaystream/hooks"
2025-10-02T04:42:22.435300Z  INFO get_globs:scan_sources: tailwindcss_oxide::scanner: Discovering "/Users/adarsh/Documents/devpaystream/lib"
2025-10-02T04:42:22.435407Z  INFO get_globs:scan_sources: tailwindcss_oxide::scanner: Discovering "/Users/adarsh/Documents/devpaystream/lib/contract"
2025-10-02T04:42:22.435846Z  INFO get_globs:scan_sources: tailwindcss_oxide::scanner: exit
2025-10-02T04:42:22.471168Z  INFO get_globs: tailwindcss_oxide::scanner: exit
